{"level":"error"}
{"level":"error"}
{"level":"error"}
{"level":"error"}
{"level":"error"}
{"level":"error"}
{"level":"error"}
{"level":"error"}
{"level":"error"}
{"kind":"ObjectId","message":"Cast to ObjectId failed for value \"620cabbc188a0655e72e97c2aa\" (type string) at path \"_id\" for model \"Product\"","name":"CastError","path":"_id","reason":{},"stringValue":"\"620cabbc188a0655e72e97c2aa\"","value":"620cabbc188a0655e72e97c2aa","valueType":"string"}
{"level":"error"}
{"level":"error"}
{"level":"error"}
{"level":"error"}
{"level":"error"}
{"level":"error"}
{"level":"error"}
{"level":"info","message":"New product created: {\n  _id: new ObjectId(\"620da20b9f56fd73321a2e04\"),\n  name: 'test name',\n  price: 100000000,\n  __v: 0\n}"}
{"_message":"Product validation failed","errors":{"price":{"kind":"Number","message":"Cast to Number failed for value \"Hello\" (type string) at path \"price\"","name":"CastError","path":"price","reason":{"actual":false,"code":"ERR_ASSERTION","expected":true,"generatedMessage":true,"operator":"=="},"stringValue":"\"Hello\"","value":"Hello","valueType":"string"}},"level":"error","message":"Product validation failed: price: Cast to Number failed for value \"Hello\" (type string) at path \"price\"","name":"ValidationError"}
{"_message":"Product validation failed","errors":{"price":{"kind":"Number","message":"Cast to Number failed for value \"Hello\" (type string) at path \"price\"","name":"CastError","path":"price","reason":{"actual":false,"code":"ERR_ASSERTION","expected":true,"generatedMessage":true,"operator":"=="},"stringValue":"\"Hello\"","value":"Hello","valueType":"string"}},"level":"error","message":"Product validation failed: price: Cast to Number failed for value \"Hello\" (type string) at path \"price\"","name":"ValidationError"}
{"level":"info","message":"New product created: {\n  _id: new ObjectId(\"620da2cf4bf38e656bd60ae7\"),\n  name: 'test name 123',\n  __v: 0\n}"}
{"_message":"Product validation failed","errors":{"price":{"kind":"required","message":"Path `price` is required.","name":"ValidatorError","path":"price","properties":{"message":"Path `price` is required.","path":"price","type":"required"}}},"level":"error","message":"Product validation failed: price: Path `price` is required.","name":"ValidationError"}
{"_message":"Product validation failed","errors":{"price":{"kind":"required","message":"Path `price` is required.","name":"ValidatorError","path":"price","properties":{"message":"Path `price` is required.","path":"price","type":"required"}}},"level":"error","message":"Product validation failed: price: Path `price` is required.","name":"ValidationError"}
{"level":"info","message":"New product created: {\n  _id: new ObjectId(\"620da5b60c03066fa2334e31\"),\n  name: 'test new format of response',\n  price: 7162537815628,\n  __v: 0\n}"}
{"level":"error","message":"Cast to ObjectId failed for value \"620da5b60c03066fa2334e311\" (type string) at path \"_id\" for model \"Product\""}
{"level":"error","message":"Cast to ObjectId failed for value \"620da5b60c03066fa2334e31e\" (type string) at path \"_id\" for model \"Product\""}
